<?xml version="1.0" encoding="UTF-8"?>
<!-- Generated by org.testng.reporters.JUnitReportReporter -->
<testsuite skipped="0" hostname="nandkumar" name="Tests.Bug" tests="4" failures="0" timestamp="2023-03-19T11:43:17 IST" time="0.444" errors="0">
  <testcase name="createBug" time="0.121" classname="Tests.Bug"/>
  <system-out/>
  <testcase name="updateUserStory" time="0.204" classname="Tests.Bug"/>
  <system-out/>
  <testcase name="getUserStory" time="0.047" classname="Tests.Bug"/>
  <system-out/>
  <testcase name="deleteUserStory" time="0.072" classname="Tests.Bug"/>
  <system-out/>
</testsuite> <!-- Tests.Bug -->
