<?xml version="1.0" encoding="UTF-8"?>
<!-- Generated by org.testng.reporters.JUnitReportReporter -->
<testsuite skipped="0" hostname="nandkumar" name="Tests.Task" tests="4" failures="0" timestamp="2023-03-19T11:43:17 IST" time="0.371" errors="0">
  <testcase name="createTask" time="0.160" classname="Tests.Task"/>
  <system-out/>
  <testcase name="updateUserStory" time="0.069" classname="Tests.Task"/>
  <system-out/>
  <testcase name="getUserStory" time="0.060" classname="Tests.Task"/>
  <system-out/>
  <testcase name="deleteUserStory" time="0.082" classname="Tests.Task"/>
  <system-out/>
</testsuite> <!-- Tests.Task -->
