<?xml version="1.0" encoding="UTF-8"?>
<!-- Generated by org.testng.reporters.JUnitReportReporter -->
<testsuite skipped="0" hostname="nandkumar" name="Tests.UserStory" tests="4" failures="0" timestamp="2023-03-19T11:43:17 IST" time="0.368" errors="0">
  <testcase name="createStory" time="0.229" classname="Tests.UserStory"/>
  <system-out/>
  <testcase name="updateUserStory" time="0.064" classname="Tests.UserStory"/>
  <system-out/>
  <testcase name="getUserStory" time="0.027" classname="Tests.UserStory"/>
  <system-out/>
  <testcase name="deleteUserStory" time="0.048" classname="Tests.UserStory"/>
  <system-out/>
</testsuite> <!-- Tests.UserStory -->
