<?xml version="1.0" encoding="UTF-8"?>
<!-- Generated by org.testng.reporters.JUnitReportReporter -->
<testsuite skipped="0" hostname="nandkumar" name="TESTS.AddAttachment.AddAttchament" tests="1" failures="0" timestamp="2023-03-18T17:08:21 IST" time="6.210" errors="0">
  <testcase name="loginToJira" time="6.210" classname="TESTS.AddAttachment.AddAttchament"/>
  <system-out/>
</testsuite> <!-- TESTS.AddAttachment.AddAttchament -->
