<?xml version="1.0" encoding="UTF-8"?>
<!-- Generated by org.testng.reporters.JUnitReportReporter -->
<testsuite skipped="0" hostname="nandkumar" name="Tests.AddAttchament" tests="2" failures="0" timestamp="2023-03-19T11:43:17 IST" time="0.555" errors="0">
  <testcase name="loginToJira" time="0.221" classname="Tests.AddAttchament"/>
  <system-out/>
  <testcase name="addAttachment" time="0.334" classname="Tests.AddAttchament"/>
  <system-out/>
</testsuite> <!-- Tests.AddAttchament -->
