<?xml version="1.0" encoding="UTF-8"?>
<!-- Generated by org.testng.reporters.JUnitReportReporter -->
<testsuite skipped="0" hostname="nandkumar" name="Tests.Comment" tests="3" failures="0" timestamp="2023-03-19T11:43:17 IST" time="2.268" errors="0">
  <testcase name="addUserStory" time="2.081" classname="Tests.Comment"/>
  <system-out/>
  <testcase name="postComment" time="0.086" classname="Tests.Comment"/>
  <system-out/>
  <testcase name="getComment" time="0.101" classname="Tests.Comment"/>
  <system-out/>
</testsuite> <!-- Tests.Comment -->
